<?xml version="1.0" encoding="UTF-8"?>
<testng-results ignored="0" total="17" passed="17" failed="0" skipped="0">
  <reporter-output>
  </reporter-output>
  <suite started-at="2025-03-19T00:56:15 IST" name="Cucumber Test Suite" finished-at="2025-03-19T01:00:21 IST" duration-ms="245356">
    <groups>
      <group name="cucumber">
        <method signature="AbstractTestNGCucumberTests.runScenario(io.cucumber.testng.PickleWrapper,io.cucumber.testng.FeatureWrapper)[pri:0, instance:com.runners.AdvancedSearchTestRunner@776a6d9b]" name="runScenario" class="io.cucumber.testng.AbstractTestNGCucumberTests"/>
        <method signature="AbstractTestNGCucumberTests.runScenario(io.cucumber.testng.PickleWrapper,io.cucumber.testng.FeatureWrapper)[pri:0, instance:com.runners.ForgotPasswordTestRunner@3f1d2e23]" name="runScenario" class="io.cucumber.testng.AbstractTestNGCucumberTests"/>
        <method signature="AbstractTestNGCucumberTests.runScenario(io.cucumber.testng.PickleWrapper,io.cucumber.testng.FeatureWrapper)[pri:0, instance:com.runners.HomePageTestRunner@536dbea0]" name="runScenario" class="io.cucumber.testng.AbstractTestNGCucumberTests"/>
        <method signature="AbstractTestNGCucumberTests.runScenario(io.cucumber.testng.PickleWrapper,io.cucumber.testng.FeatureWrapper)[pri:0, instance:com.runners.LoginTestRunner@34129c78]" name="runScenario" class="io.cucumber.testng.AbstractTestNGCucumberTests"/>
        <method signature="AbstractTestNGCucumberTests.runScenario(io.cucumber.testng.PickleWrapper,io.cucumber.testng.FeatureWrapper)[pri:0, instance:com.runners.OrderPlacementTestRunner@18ece7f4]" name="runScenario" class="io.cucumber.testng.AbstractTestNGCucumberTests"/>
        <method signature="AbstractTestNGCucumberTests.runScenario(io.cucumber.testng.PickleWrapper,io.cucumber.testng.FeatureWrapper)[pri:0, instance:com.runners.ProductDetailsTestRunner@1f760b47]" name="runScenario" class="io.cucumber.testng.AbstractTestNGCucumberTests"/>
        <method signature="AbstractTestNGCucumberTests.runScenario(io.cucumber.testng.PickleWrapper,io.cucumber.testng.FeatureWrapper)[pri:0, instance:com.runners.RegistrationTestRunner@4bff7da0]" name="runScenario" class="io.cucumber.testng.AbstractTestNGCucumberTests"/>
        <method signature="AbstractTestNGCucumberTests.runScenario(io.cucumber.testng.PickleWrapper,io.cucumber.testng.FeatureWrapper)[pri:0, instance:com.runners.SearchFilterTestRunner@47c81abf]" name="runScenario" class="io.cucumber.testng.AbstractTestNGCucumberTests"/>
        <method signature="AbstractTestNGCucumberTests.runScenario(io.cucumber.testng.PickleWrapper,io.cucumber.testng.FeatureWrapper)[pri:0, instance:com.runners.ShoppingCartTestRunner@21d03963]" name="runScenario" class="io.cucumber.testng.AbstractTestNGCucumberTests"/>
      </group> <!-- cucumber -->
    </groups>
    <test started-at="2025-03-19T00:56:15 IST" name="Cucumber Tests" finished-at="2025-03-19T01:00:21 IST" duration-ms="245356">
      <class name="com.runners.RegistrationTestRunner">
        <test-method is-config="true" signature="setUpClass(org.testng.ITestContext)[pri:0, instance:com.runners.RegistrationTestRunner@4bff7da0]" started-at="2025-03-19T00:56:42 IST" name="setUpClass" finished-at="2025-03-19T00:56:42 IST" duration-ms="65" status="PASS">
          <params>
            <param index="0">
              <value>
                <![CDATA[org.testng.TestRunner@14bf9fd0]]>
              </value>
            </param>
          </params>
          <reporter-output>
          </reporter-output>
        </test-method> <!-- setUpClass -->
        <test-method signature="runScenario(io.cucumber.testng.PickleWrapper,io.cucumber.testng.FeatureWrapper)[pri:0, instance:com.runners.RegistrationTestRunner@4bff7da0]" started-at="2025-03-19T00:56:42 IST" name="runScenario" description="Runs Cucumber Scenarios" data-provider="scenarios" finished-at="2025-03-19T00:56:55 IST" duration-ms="12536" status="PASS">
          <params>
            <param index="0">
              <value>
                <![CDATA["Successful Account Registration"]]>
              </value>
            </param>
            <param index="1">
              <value>
                <![CDATA["User Account Registration"]]>
              </value>
            </param>
          </params>
          <reporter-output>
          </reporter-output>
        </test-method> <!-- runScenario -->
        <test-method signature="runScenario(io.cucumber.testng.PickleWrapper,io.cucumber.testng.FeatureWrapper)[pri:0, instance:com.runners.RegistrationTestRunner@4bff7da0]" started-at="2025-03-19T00:56:55 IST" name="runScenario" description="Runs Cucumber Scenarios" data-provider="scenarios" finished-at="2025-03-19T00:57:06 IST" duration-ms="11466" status="PASS">
          <params>
            <param index="0">
              <value>
                <![CDATA["Registration with an Invalid Email"]]>
              </value>
            </param>
            <param index="1">
              <value>
                <![CDATA["User Account Registration"]]>
              </value>
            </param>
          </params>
          <reporter-output>
          </reporter-output>
        </test-method> <!-- runScenario -->
        <test-method signature="runScenario(io.cucumber.testng.PickleWrapper,io.cucumber.testng.FeatureWrapper)[pri:0, instance:com.runners.RegistrationTestRunner@4bff7da0]" started-at="2025-03-19T00:57:06 IST" name="runScenario" description="Runs Cucumber Scenarios" data-provider="scenarios" finished-at="2025-03-19T00:57:18 IST" duration-ms="11070" status="PASS">
          <params>
            <param index="0">
              <value>
                <![CDATA["Registration with an Already Registered Email"]]>
              </value>
            </param>
            <param index="1">
              <value>
                <![CDATA["User Account Registration"]]>
              </value>
            </param>
          </params>
          <reporter-output>
          </reporter-output>
        </test-method> <!-- runScenario -->
        <test-method is-config="true" signature="tearDownClass()[pri:0, instance:com.runners.RegistrationTestRunner@4bff7da0]" started-at="2025-03-19T00:57:18 IST" name="tearDownClass" finished-at="2025-03-19T00:57:18 IST" duration-ms="49" status="PASS">
          <reporter-output>
          </reporter-output>
        </test-method> <!-- tearDownClass -->
      </class> <!-- com.runners.RegistrationTestRunner -->
      <class name="com.runners.HomePageTestRunner">
        <test-method is-config="true" signature="setUpClass(org.testng.ITestContext)[pri:0, instance:com.runners.HomePageTestRunner@536dbea0]" started-at="2025-03-19T00:57:50 IST" name="setUpClass" finished-at="2025-03-19T00:57:50 IST" duration-ms="103" status="PASS">
          <params>
            <param index="0">
              <value>
                <![CDATA[org.testng.TestRunner@14bf9fd0]]>
              </value>
            </param>
          </params>
          <reporter-output>
          </reporter-output>
        </test-method> <!-- setUpClass -->
        <test-method signature="runScenario(io.cucumber.testng.PickleWrapper,io.cucumber.testng.FeatureWrapper)[pri:0, instance:com.runners.HomePageTestRunner@536dbea0]" started-at="2025-03-19T00:57:50 IST" name="runScenario" description="Runs Cucumber Scenarios" data-provider="scenarios" finished-at="2025-03-19T00:58:01 IST" duration-ms="10826" status="PASS">
          <params>
            <param index="0">
              <value>
                <![CDATA["Ensure the homepage loads correctly"]]>
              </value>
            </param>
            <param index="1">
              <value>
                <![CDATA["Validate Demo Web Shop Homepage"]]>
              </value>
            </param>
          </params>
          <reporter-output>
          </reporter-output>
        </test-method> <!-- runScenario -->
        <test-method signature="runScenario(io.cucumber.testng.PickleWrapper,io.cucumber.testng.FeatureWrapper)[pri:0, instance:com.runners.HomePageTestRunner@536dbea0]" started-at="2025-03-19T00:58:01 IST" name="runScenario" description="Runs Cucumber Scenarios" data-provider="scenarios" finished-at="2025-03-19T00:58:13 IST" duration-ms="11820" status="PASS">
          <params>
            <param index="0">
              <value>
                <![CDATA["Perform a successful product search"]]>
              </value>
            </param>
            <param index="1">
              <value>
                <![CDATA["Validate Demo Web Shop Homepage"]]>
              </value>
            </param>
          </params>
          <reporter-output>
          </reporter-output>
        </test-method> <!-- runScenario -->
        <test-method is-config="true" signature="tearDownClass()[pri:0, instance:com.runners.HomePageTestRunner@536dbea0]" started-at="2025-03-19T00:58:13 IST" name="tearDownClass" finished-at="2025-03-19T00:58:13 IST" duration-ms="41" status="PASS">
          <reporter-output>
          </reporter-output>
        </test-method> <!-- tearDownClass -->
      </class> <!-- com.runners.HomePageTestRunner -->
      <class name="com.runners.OrderPlacementTestRunner">
        <test-method is-config="true" signature="setUpClass(org.testng.ITestContext)[pri:0, instance:com.runners.OrderPlacementTestRunner@18ece7f4]" started-at="2025-03-19T00:59:40 IST" name="setUpClass" finished-at="2025-03-19T00:59:41 IST" duration-ms="86" status="PASS">
          <params>
            <param index="0">
              <value>
                <![CDATA[org.testng.TestRunner@14bf9fd0]]>
              </value>
            </param>
          </params>
          <reporter-output>
          </reporter-output>
        </test-method> <!-- setUpClass -->
        <test-method signature="runScenario(io.cucumber.testng.PickleWrapper,io.cucumber.testng.FeatureWrapper)[pri:0, instance:com.runners.OrderPlacementTestRunner@18ece7f4]" started-at="2025-03-19T00:59:41 IST" name="runScenario" description="Runs Cucumber Scenarios" data-provider="scenarios" finished-at="2025-03-19T01:00:21 IST" duration-ms="40164" status="PASS">
          <params>
            <param index="0">
              <value>
                <![CDATA["Successfully placing an order"]]>
              </value>
            </param>
            <param index="1">
              <value>
                <![CDATA["Order Processing on Demo Web Shop"]]>
              </value>
            </param>
          </params>
          <reporter-output>
          </reporter-output>
        </test-method> <!-- runScenario -->
        <test-method is-config="true" signature="tearDownClass()[pri:0, instance:com.runners.OrderPlacementTestRunner@18ece7f4]" started-at="2025-03-19T01:00:21 IST" name="tearDownClass" finished-at="2025-03-19T01:00:21 IST" duration-ms="34" status="PASS">
          <reporter-output>
          </reporter-output>
        </test-method> <!-- tearDownClass -->
      </class> <!-- com.runners.OrderPlacementTestRunner -->
      <class name="com.runners.AdvancedSearchTestRunner">
        <test-method is-config="true" signature="setUpClass(org.testng.ITestContext)[pri:0, instance:com.runners.AdvancedSearchTestRunner@776a6d9b]" started-at="2025-03-19T00:58:39 IST" name="setUpClass" finished-at="2025-03-19T00:58:40 IST" duration-ms="116" status="PASS">
          <params>
            <param index="0">
              <value>
                <![CDATA[org.testng.TestRunner@14bf9fd0]]>
              </value>
            </param>
          </params>
          <reporter-output>
          </reporter-output>
        </test-method> <!-- setUpClass -->
        <test-method signature="runScenario(io.cucumber.testng.PickleWrapper,io.cucumber.testng.FeatureWrapper)[pri:0, instance:com.runners.AdvancedSearchTestRunner@776a6d9b]" started-at="2025-03-19T00:58:40 IST" name="runScenario" description="Runs Cucumber Scenarios" data-provider="scenarios" finished-at="2025-03-19T00:58:54 IST" duration-ms="14658" status="PASS">
          <params>
            <param index="0">
              <value>
                <![CDATA["Perform advanced search"]]>
              </value>
            </param>
            <param index="1">
              <value>
                <![CDATA["Advanced Search Filter Products"]]>
              </value>
            </param>
          </params>
          <reporter-output>
          </reporter-output>
        </test-method> <!-- runScenario -->
        <test-method is-config="true" signature="tearDownClass()[pri:0, instance:com.runners.AdvancedSearchTestRunner@776a6d9b]" started-at="2025-03-19T00:58:54 IST" name="tearDownClass" finished-at="2025-03-19T00:58:54 IST" duration-ms="33" status="PASS">
          <reporter-output>
          </reporter-output>
        </test-method> <!-- tearDownClass -->
      </class> <!-- com.runners.AdvancedSearchTestRunner -->
      <class name="com.runners.ForgotPasswordTestRunner">
        <test-method is-config="true" signature="setUpClass(org.testng.ITestContext)[pri:0, instance:com.runners.ForgotPasswordTestRunner@3f1d2e23]" started-at="2025-03-19T00:57:18 IST" name="setUpClass" finished-at="2025-03-19T00:57:18 IST" duration-ms="149" status="PASS">
          <params>
            <param index="0">
              <value>
                <![CDATA[org.testng.TestRunner@14bf9fd0]]>
              </value>
            </param>
          </params>
          <reporter-output>
          </reporter-output>
        </test-method> <!-- setUpClass -->
        <test-method signature="runScenario(io.cucumber.testng.PickleWrapper,io.cucumber.testng.FeatureWrapper)[pri:0, instance:com.runners.ForgotPasswordTestRunner@3f1d2e23]" started-at="2025-03-19T00:57:18 IST" name="runScenario" description="Runs Cucumber Scenarios" data-provider="scenarios" finished-at="2025-03-19T00:57:29 IST" duration-ms="11082" status="PASS">
          <params>
            <param index="0">
              <value>
                <![CDATA["Successfully reset password using a registered email"]]>
              </value>
            </param>
            <param index="1">
              <value>
                <![CDATA["Forgot Password Functionality"]]>
              </value>
            </param>
          </params>
          <reporter-output>
          </reporter-output>
        </test-method> <!-- runScenario -->
        <test-method signature="runScenario(io.cucumber.testng.PickleWrapper,io.cucumber.testng.FeatureWrapper)[pri:0, instance:com.runners.ForgotPasswordTestRunner@3f1d2e23]" started-at="2025-03-19T00:57:29 IST" name="runScenario" description="Runs Cucumber Scenarios" data-provider="scenarios" finished-at="2025-03-19T00:57:40 IST" duration-ms="10916" status="PASS">
          <params>
            <param index="0">
              <value>
                <![CDATA["Attempt to reset password using an unregistered email"]]>
              </value>
            </param>
            <param index="1">
              <value>
                <![CDATA["Forgot Password Functionality"]]>
              </value>
            </param>
          </params>
          <reporter-output>
          </reporter-output>
        </test-method> <!-- runScenario -->
        <test-method signature="runScenario(io.cucumber.testng.PickleWrapper,io.cucumber.testng.FeatureWrapper)[pri:0, instance:com.runners.ForgotPasswordTestRunner@3f1d2e23]" started-at="2025-03-19T00:57:40 IST" name="runScenario" description="Runs Cucumber Scenarios" data-provider="scenarios" finished-at="2025-03-19T00:57:50 IST" duration-ms="10189" status="PASS">
          <params>
            <param index="0">
              <value>
                <![CDATA["Attempt to reset password without entering an email"]]>
              </value>
            </param>
            <param index="1">
              <value>
                <![CDATA["Forgot Password Functionality"]]>
              </value>
            </param>
          </params>
          <reporter-output>
          </reporter-output>
        </test-method> <!-- runScenario -->
        <test-method is-config="true" signature="tearDownClass()[pri:0, instance:com.runners.ForgotPasswordTestRunner@3f1d2e23]" started-at="2025-03-19T00:57:50 IST" name="tearDownClass" finished-at="2025-03-19T00:57:50 IST" duration-ms="28" status="PASS">
          <reporter-output>
          </reporter-output>
        </test-method> <!-- tearDownClass -->
      </class> <!-- com.runners.ForgotPasswordTestRunner -->
      <class name="com.runners.LoginTestRunner">
        <test-method is-config="true" signature="setUpClass(org.testng.ITestContext)[pri:0, instance:com.runners.LoginTestRunner@34129c78]" started-at="2025-03-19T00:56:15 IST" name="setUpClass" finished-at="2025-03-19T00:56:17 IST" duration-ms="1027" status="PASS">
          <params>
            <param index="0">
              <value>
                <![CDATA[org.testng.TestRunner@14bf9fd0]]>
              </value>
            </param>
          </params>
          <reporter-output>
          </reporter-output>
        </test-method> <!-- setUpClass -->
        <test-method signature="runScenario(io.cucumber.testng.PickleWrapper,io.cucumber.testng.FeatureWrapper)[pri:0, instance:com.runners.LoginTestRunner@34129c78]" started-at="2025-03-19T00:56:17 IST" name="runScenario" description="Runs Cucumber Scenarios" data-provider="scenarios" finished-at="2025-03-19T00:56:32 IST" duration-ms="15431" status="PASS">
          <params>
            <param index="0">
              <value>
                <![CDATA["User logs in successfully with valid credentials"]]>
              </value>
            </param>
            <param index="1">
              <value>
                <![CDATA["Login and Forgot Password Functionality"]]>
              </value>
            </param>
          </params>
          <reporter-output>
          </reporter-output>
        </test-method> <!-- runScenario -->
        <test-method signature="runScenario(io.cucumber.testng.PickleWrapper,io.cucumber.testng.FeatureWrapper)[pri:0, instance:com.runners.LoginTestRunner@34129c78]" started-at="2025-03-19T00:56:32 IST" name="runScenario" description="Runs Cucumber Scenarios" data-provider="scenarios" finished-at="2025-03-19T00:56:42 IST" duration-ms="9793" status="PASS">
          <params>
            <param index="0">
              <value>
                <![CDATA["User fails to log in with invalid credentials"]]>
              </value>
            </param>
            <param index="1">
              <value>
                <![CDATA["Login and Forgot Password Functionality"]]>
              </value>
            </param>
          </params>
          <reporter-output>
          </reporter-output>
        </test-method> <!-- runScenario -->
        <test-method is-config="true" signature="tearDownClass()[pri:0, instance:com.runners.LoginTestRunner@34129c78]" started-at="2025-03-19T00:56:42 IST" name="tearDownClass" finished-at="2025-03-19T00:56:42 IST" duration-ms="340" status="PASS">
          <reporter-output>
          </reporter-output>
        </test-method> <!-- tearDownClass -->
      </class> <!-- com.runners.LoginTestRunner -->
      <class name="com.runners.ShoppingCartTestRunner">
        <test-method is-config="true" signature="setUpClass(org.testng.ITestContext)[pri:0, instance:com.runners.ShoppingCartTestRunner@21d03963]" started-at="2025-03-19T00:58:54 IST" name="setUpClass" finished-at="2025-03-19T00:58:54 IST" duration-ms="216" status="PASS">
          <params>
            <param index="0">
              <value>
                <![CDATA[org.testng.TestRunner@14bf9fd0]]>
              </value>
            </param>
          </params>
          <reporter-output>
          </reporter-output>
        </test-method> <!-- setUpClass -->
        <test-method signature="runScenario(io.cucumber.testng.PickleWrapper,io.cucumber.testng.FeatureWrapper)[pri:0, instance:com.runners.ShoppingCartTestRunner@21d03963]" started-at="2025-03-19T00:58:54 IST" name="runScenario" description="Runs Cucumber Scenarios" data-provider="scenarios" finished-at="2025-03-19T00:59:16 IST" duration-ms="21757" status="PASS">
          <params>
            <param index="0">
              <value>
                <![CDATA["Add a product to the cart and proceed to checkout"]]>
              </value>
            </param>
            <param index="1">
              <value>
                <![CDATA["Shopping Cart Functionality"]]>
              </value>
            </param>
          </params>
          <reporter-output>
          </reporter-output>
        </test-method> <!-- runScenario -->
        <test-method is-config="true" signature="tearDownClass()[pri:0, instance:com.runners.ShoppingCartTestRunner@21d03963]" started-at="2025-03-19T00:59:16 IST" name="tearDownClass" finished-at="2025-03-19T00:59:16 IST" duration-ms="33" status="PASS">
          <reporter-output>
          </reporter-output>
        </test-method> <!-- tearDownClass -->
      </class> <!-- com.runners.ShoppingCartTestRunner -->
      <class name="com.runners.ProductDetailsTestRunner">
        <test-method is-config="true" signature="setUpClass(org.testng.ITestContext)[pri:0, instance:com.runners.ProductDetailsTestRunner@1f760b47]" started-at="2025-03-19T00:59:16 IST" name="setUpClass" finished-at="2025-03-19T00:59:16 IST" duration-ms="106" status="PASS">
          <params>
            <param index="0">
              <value>
                <![CDATA[org.testng.TestRunner@14bf9fd0]]>
              </value>
            </param>
          </params>
          <reporter-output>
          </reporter-output>
        </test-method> <!-- setUpClass -->
        <test-method signature="runScenario(io.cucumber.testng.PickleWrapper,io.cucumber.testng.FeatureWrapper)[pri:0, instance:com.runners.ProductDetailsTestRunner@1f760b47]" started-at="2025-03-19T00:59:16 IST" name="runScenario" description="Runs Cucumber Scenarios" data-provider="scenarios" finished-at="2025-03-19T00:59:29 IST" duration-ms="12553" status="PASS">
          <params>
            <param index="0">
              <value>
                <![CDATA["Check specifications of the 14.1-inch Laptop"]]>
              </value>
            </param>
            <param index="1">
              <value>
                <![CDATA["Verify Product Details and Add to Cart"]]>
              </value>
            </param>
          </params>
          <reporter-output>
          </reporter-output>
        </test-method> <!-- runScenario -->
        <test-method signature="runScenario(io.cucumber.testng.PickleWrapper,io.cucumber.testng.FeatureWrapper)[pri:0, instance:com.runners.ProductDetailsTestRunner@1f760b47]" started-at="2025-03-19T00:59:29 IST" name="runScenario" description="Runs Cucumber Scenarios" data-provider="scenarios" finished-at="2025-03-19T00:59:40 IST" duration-ms="11414" status="PASS">
          <params>
            <param index="0">
              <value>
                <![CDATA["Add the 14.1-inch Laptop to the shopping cart"]]>
              </value>
            </param>
            <param index="1">
              <value>
                <![CDATA["Verify Product Details and Add to Cart"]]>
              </value>
            </param>
          </params>
          <reporter-output>
          </reporter-output>
        </test-method> <!-- runScenario -->
        <test-method is-config="true" signature="tearDownClass()[pri:0, instance:com.runners.ProductDetailsTestRunner@1f760b47]" started-at="2025-03-19T00:59:40 IST" name="tearDownClass" finished-at="2025-03-19T00:59:40 IST" duration-ms="22" status="PASS">
          <reporter-output>
          </reporter-output>
        </test-method> <!-- tearDownClass -->
      </class> <!-- com.runners.ProductDetailsTestRunner -->
      <class name="com.runners.SearchFilterTestRunner">
        <test-method is-config="true" signature="setUpClass(org.testng.ITestContext)[pri:0, instance:com.runners.SearchFilterTestRunner@47c81abf]" started-at="2025-03-19T00:58:13 IST" name="setUpClass" finished-at="2025-03-19T00:58:13 IST" duration-ms="206" status="PASS">
          <params>
            <param index="0">
              <value>
                <![CDATA[org.testng.TestRunner@14bf9fd0]]>
              </value>
            </param>
          </params>
          <reporter-output>
          </reporter-output>
        </test-method> <!-- setUpClass -->
        <test-method signature="runScenario(io.cucumber.testng.PickleWrapper,io.cucumber.testng.FeatureWrapper)[pri:0, instance:com.runners.SearchFilterTestRunner@47c81abf]" started-at="2025-03-19T00:58:13 IST" name="runScenario" description="Runs Cucumber Scenarios" data-provider="scenarios" finished-at="2025-03-19T00:58:25 IST" duration-ms="11906" status="PASS">
          <params>
            <param index="0">
              <value>
                <![CDATA["Filter products by price (Low to High)"]]>
              </value>
            </param>
            <param index="1">
              <value>
                <![CDATA["Product Search and Filtering"]]>
              </value>
            </param>
          </params>
          <reporter-output>
          </reporter-output>
        </test-method> <!-- runScenario -->
        <test-method signature="runScenario(io.cucumber.testng.PickleWrapper,io.cucumber.testng.FeatureWrapper)[pri:0, instance:com.runners.SearchFilterTestRunner@47c81abf]" started-at="2025-03-19T00:58:25 IST" name="runScenario" description="Runs Cucumber Scenarios" data-provider="scenarios" finished-at="2025-03-19T00:58:39 IST" duration-ms="14416" status="PASS">
          <params>
            <param index="0">
              <value>
                <![CDATA["Filter products alphabetically (A to Z)"]]>
              </value>
            </param>
            <param index="1">
              <value>
                <![CDATA["Product Search and Filtering"]]>
              </value>
            </param>
          </params>
          <reporter-output>
          </reporter-output>
        </test-method> <!-- runScenario -->
        <test-method is-config="true" signature="tearDownClass()[pri:0, instance:com.runners.SearchFilterTestRunner@47c81abf]" started-at="2025-03-19T00:58:39 IST" name="tearDownClass" finished-at="2025-03-19T00:58:39 IST" duration-ms="31" status="PASS">
          <reporter-output>
          </reporter-output>
        </test-method> <!-- tearDownClass -->
      </class> <!-- com.runners.SearchFilterTestRunner -->
    </test> <!-- Cucumber Tests -->
  </suite> <!-- Cucumber Test Suite -->
</testng-results>
